Determining if the pthread_create exist failed with the following output:
Change Dir: /home/pi/work/src/classes/tests/HumidityTemperature/build/CMakeFiles/CMakeTmp

Run Build Command:"/usr/bin/make" "cmTryCompileExec2469593882/fast"
/usr/bin/make -f CMakeFiles/cmTryCompileExec2469593882.dir/build.make CMakeFiles/cmTryCompileExec2469593882.dir/build
make[1]: Entering directory '/home/pi/work/src/classes/tests/HumidityTemperature/build/CMakeFiles/CMakeTmp'
/usr/bin/cmake -E cmake_progress_report /home/pi/work/src/classes/tests/HumidityTemperature/build/CMakeFiles/CMakeTmp/CMakeFiles 1
Building C object CMakeFiles/cmTryCompileExec2469593882.dir/CheckSymbolExists.c.o
/usr/bin/cc    -o CMakeFiles/cmTryCompileExec2469593882.dir/CheckSymbolExists.c.o   -c /home/pi/work/src/classes/tests/HumidityTemperature/build/CMakeFiles/CMakeTmp/CheckSymbolExists.c
Linking C executable cmTryCompileExec2469593882
/usr/bin/cmake -E cmake_link_script CMakeFiles/cmTryCompileExec2469593882.dir/link.txt --verbose=1
/usr/bin/cc       CMakeFiles/cmTryCompileExec2469593882.dir/CheckSymbolExists.c.o  -o cmTryCompileExec2469593882 -rdynamic 
CMakeFiles/cmTryCompileExec2469593882.dir/CheckSymbolExists.c.o: In function `main':
CheckSymbolExists.c:(.text+0x38): undefined reference to `pthread_create'
collect2: error: ld returned 1 exit status
CMakeFiles/cmTryCompileExec2469593882.dir/build.make:88: recipe for target 'cmTryCompileExec2469593882' failed
make[1]: Leaving directory '/home/pi/work/src/classes/tests/HumidityTemperature/build/CMakeFiles/CMakeTmp'
make[1]: *** [cmTryCompileExec2469593882] Error 1
Makefile:118: recipe for target 'cmTryCompileExec2469593882/fast' failed
make: *** [cmTryCompileExec2469593882/fast] Error 2

File /home/pi/work/src/classes/tests/HumidityTemperature/build/CMakeFiles/CMakeTmp/CheckSymbolExists.c:
/* */
#include <pthread.h>

int main(int argc, char** argv)
{
  (void)argv;
#ifndef pthread_create
  return ((int*)(&pthread_create))[argc];
#else
  (void)argc;
  return 0;
#endif
}

Determining if the function pthread_create exists in the pthreads failed with the following output:
Change Dir: /home/pi/work/src/classes/tests/HumidityTemperature/build/CMakeFiles/CMakeTmp

Run Build Command:"/usr/bin/make" "cmTryCompileExec2383934470/fast"
/usr/bin/make -f CMakeFiles/cmTryCompileExec2383934470.dir/build.make CMakeFiles/cmTryCompileExec2383934470.dir/build
make[1]: Entering directory '/home/pi/work/src/classes/tests/HumidityTemperature/build/CMakeFiles/CMakeTmp'
/usr/bin/cmake -E cmake_progress_report /home/pi/work/src/classes/tests/HumidityTemperature/build/CMakeFiles/CMakeTmp/CMakeFiles 1
Building C object CMakeFiles/cmTryCompileExec2383934470.dir/CheckFunctionExists.c.o
/usr/bin/cc   -DCHECK_FUNCTION_EXISTS=pthread_create   -o CMakeFiles/cmTryCompileExec2383934470.dir/CheckFunctionExists.c.o   -c /usr/share/cmake-3.0/Modules/CheckFunctionExists.c
Linking C executable cmTryCompileExec2383934470
/usr/bin/cmake -E cmake_link_script CMakeFiles/cmTryCompileExec2383934470.dir/link.txt --verbose=1
/usr/bin/cc   -DCHECK_FUNCTION_EXISTS=pthread_create    CMakeFiles/cmTryCompileExec2383934470.dir/CheckFunctionExists.c.o  -o cmTryCompileExec2383934470 -rdynamic -lpthreads 
/usr/bin/ld: cannot find -lpthreads
collect2: error: ld returned 1 exit status
CMakeFiles/cmTryCompileExec2383934470.dir/build.make:88: recipe for target 'cmTryCompileExec2383934470' failed
make[1]: *** [cmTryCompileExec2383934470] Error 1
make[1]: Leaving directory '/home/pi/work/src/classes/tests/HumidityTemperature/build/CMakeFiles/CMakeTmp'
Makefile:118: recipe for target 'cmTryCompileExec2383934470/fast' failed
make: *** [cmTryCompileExec2383934470/fast] Error 2


