Determining if the pthread_create exist failed with the following output:
Change Dir: /home/pi/work/src/classes/tests/Clcd/build/CMakeFiles/CMakeTmp

Run Build Command:"/usr/bin/make" "cmTryCompileExec1135124460/fast"
/usr/bin/make -f CMakeFiles/cmTryCompileExec1135124460.dir/build.make CMakeFiles/cmTryCompileExec1135124460.dir/build
make[1]: Entering directory '/home/pi/work/src/classes/tests/Clcd/build/CMakeFiles/CMakeTmp'
/usr/bin/cmake -E cmake_progress_report /home/pi/work/src/classes/tests/Clcd/build/CMakeFiles/CMakeTmp/CMakeFiles 1
Building C object CMakeFiles/cmTryCompileExec1135124460.dir/CheckSymbolExists.c.o
/usr/bin/cc    -o CMakeFiles/cmTryCompileExec1135124460.dir/CheckSymbolExists.c.o   -c /home/pi/work/src/classes/tests/Clcd/build/CMakeFiles/CMakeTmp/CheckSymbolExists.c
Linking C executable cmTryCompileExec1135124460
/usr/bin/cmake -E cmake_link_script CMakeFiles/cmTryCompileExec1135124460.dir/link.txt --verbose=1
/usr/bin/cc       CMakeFiles/cmTryCompileExec1135124460.dir/CheckSymbolExists.c.o  -o cmTryCompileExec1135124460 -rdynamic 
CMakeFiles/cmTryCompileExec1135124460.dir/CheckSymbolExists.c.o: In function `main':
CheckSymbolExists.c:(.text+0x38): undefined reference to `pthread_create'
collect2: error: ld returned 1 exit status
CMakeFiles/cmTryCompileExec1135124460.dir/build.make:88: recipe for target 'cmTryCompileExec1135124460' failed
make[1]: *** [cmTryCompileExec1135124460] Error 1
make[1]: Leaving directory '/home/pi/work/src/classes/tests/Clcd/build/CMakeFiles/CMakeTmp'
Makefile:118: recipe for target 'cmTryCompileExec1135124460/fast' failed
make: *** [cmTryCompileExec1135124460/fast] Error 2

File /home/pi/work/src/classes/tests/Clcd/build/CMakeFiles/CMakeTmp/CheckSymbolExists.c:
/* */
#include <pthread.h>

int main(int argc, char** argv)
{
  (void)argv;
#ifndef pthread_create
  return ((int*)(&pthread_create))[argc];
#else
  (void)argc;
  return 0;
#endif
}

Determining if the function pthread_create exists in the pthreads failed with the following output:
Change Dir: /home/pi/work/src/classes/tests/Clcd/build/CMakeFiles/CMakeTmp

Run Build Command:"/usr/bin/make" "cmTryCompileExec1425874060/fast"
/usr/bin/make -f CMakeFiles/cmTryCompileExec1425874060.dir/build.make CMakeFiles/cmTryCompileExec1425874060.dir/build
make[1]: Entering directory '/home/pi/work/src/classes/tests/Clcd/build/CMakeFiles/CMakeTmp'
/usr/bin/cmake -E cmake_progress_report /home/pi/work/src/classes/tests/Clcd/build/CMakeFiles/CMakeTmp/CMakeFiles 1
Building C object CMakeFiles/cmTryCompileExec1425874060.dir/CheckFunctionExists.c.o
/usr/bin/cc   -DCHECK_FUNCTION_EXISTS=pthread_create   -o CMakeFiles/cmTryCompileExec1425874060.dir/CheckFunctionExists.c.o   -c /usr/share/cmake-3.0/Modules/CheckFunctionExists.c
Linking C executable cmTryCompileExec1425874060
/usr/bin/cmake -E cmake_link_script CMakeFiles/cmTryCompileExec1425874060.dir/link.txt --verbose=1
/usr/bin/cc   -DCHECK_FUNCTION_EXISTS=pthread_create    CMakeFiles/cmTryCompileExec1425874060.dir/CheckFunctionExists.c.o  -o cmTryCompileExec1425874060 -rdynamic -lpthreads 
/usr/bin/ld: cannot find -lpthreads
collect2: error: ld returned 1 exit status
CMakeFiles/cmTryCompileExec1425874060.dir/build.make:88: recipe for target 'cmTryCompileExec1425874060' failed
make[1]: Leaving directory '/home/pi/work/src/classes/tests/Clcd/build/CMakeFiles/CMakeTmp'
make[1]: *** [cmTryCompileExec1425874060] Error 1
Makefile:118: recipe for target 'cmTryCompileExec1425874060/fast' failed
make: *** [cmTryCompileExec1425874060/fast] Error 2


