Determining if the pthread_create exist failed with the following output:
Change Dir: /home/pi/work/src/classes/tests/Illumination/build/CMakeFiles/CMakeTmp

Run Build Command:"/usr/bin/make" "cmTryCompileExec3995075979/fast"
/usr/bin/make -f CMakeFiles/cmTryCompileExec3995075979.dir/build.make CMakeFiles/cmTryCompileExec3995075979.dir/build
make[1]: Entering directory '/home/pi/work/src/classes/tests/Illumination/build/CMakeFiles/CMakeTmp'
/usr/bin/cmake -E cmake_progress_report /home/pi/work/src/classes/tests/Illumination/build/CMakeFiles/CMakeTmp/CMakeFiles 1
Building C object CMakeFiles/cmTryCompileExec3995075979.dir/CheckSymbolExists.c.o
/usr/bin/cc    -o CMakeFiles/cmTryCompileExec3995075979.dir/CheckSymbolExists.c.o   -c /home/pi/work/src/classes/tests/Illumination/build/CMakeFiles/CMakeTmp/CheckSymbolExists.c
Linking C executable cmTryCompileExec3995075979
/usr/bin/cmake -E cmake_link_script CMakeFiles/cmTryCompileExec3995075979.dir/link.txt --verbose=1
/usr/bin/cc       CMakeFiles/cmTryCompileExec3995075979.dir/CheckSymbolExists.c.o  -o cmTryCompileExec3995075979 -rdynamic 
CMakeFiles/cmTryCompileExec3995075979.dir/CheckSymbolExists.c.o: In function `main':
CheckSymbolExists.c:(.text+0x38): undefined reference to `pthread_create'
collect2: error: ld returned 1 exit status
CMakeFiles/cmTryCompileExec3995075979.dir/build.make:88: recipe for target 'cmTryCompileExec3995075979' failed
make[1]: *** [cmTryCompileExec3995075979] Error 1
make[1]: Leaving directory '/home/pi/work/src/classes/tests/Illumination/build/CMakeFiles/CMakeTmp'
Makefile:118: recipe for target 'cmTryCompileExec3995075979/fast' failed
make: *** [cmTryCompileExec3995075979/fast] Error 2

File /home/pi/work/src/classes/tests/Illumination/build/CMakeFiles/CMakeTmp/CheckSymbolExists.c:
/* */
#include <pthread.h>

int main(int argc, char** argv)
{
  (void)argv;
#ifndef pthread_create
  return ((int*)(&pthread_create))[argc];
#else
  (void)argc;
  return 0;
#endif
}

Determining if the function pthread_create exists in the pthreads failed with the following output:
Change Dir: /home/pi/work/src/classes/tests/Illumination/build/CMakeFiles/CMakeTmp

Run Build Command:"/usr/bin/make" "cmTryCompileExec3531978875/fast"
/usr/bin/make -f CMakeFiles/cmTryCompileExec3531978875.dir/build.make CMakeFiles/cmTryCompileExec3531978875.dir/build
make[1]: Entering directory '/home/pi/work/src/classes/tests/Illumination/build/CMakeFiles/CMakeTmp'
/usr/bin/cmake -E cmake_progress_report /home/pi/work/src/classes/tests/Illumination/build/CMakeFiles/CMakeTmp/CMakeFiles 1
Building C object CMakeFiles/cmTryCompileExec3531978875.dir/CheckFunctionExists.c.o
/usr/bin/cc   -DCHECK_FUNCTION_EXISTS=pthread_create   -o CMakeFiles/cmTryCompileExec3531978875.dir/CheckFunctionExists.c.o   -c /usr/share/cmake-3.0/Modules/CheckFunctionExists.c
Linking C executable cmTryCompileExec3531978875
/usr/bin/cmake -E cmake_link_script CMakeFiles/cmTryCompileExec3531978875.dir/link.txt --verbose=1
/usr/bin/cc   -DCHECK_FUNCTION_EXISTS=pthread_create    CMakeFiles/cmTryCompileExec3531978875.dir/CheckFunctionExists.c.o  -o cmTryCompileExec3531978875 -rdynamic -lpthreads 
/usr/bin/ld: cannot find -lpthreads
collect2: error: ld returned 1 exit status
CMakeFiles/cmTryCompileExec3531978875.dir/build.make:88: recipe for target 'cmTryCompileExec3531978875' failed
make[1]: *** [cmTryCompileExec3531978875] Error 1
make[1]: Leaving directory '/home/pi/work/src/classes/tests/Illumination/build/CMakeFiles/CMakeTmp'
Makefile:118: recipe for target 'cmTryCompileExec3531978875/fast' failed
make: *** [cmTryCompileExec3531978875/fast] Error 2


