Determining if the pthread_create exist failed with the following output:
Change Dir: /home/pi/work/src/classes/tests/Accelerometer/build/CMakeFiles/CMakeTmp

Run Build Command:"/usr/bin/make" "cmTryCompileExec2887665336/fast"
/usr/bin/make -f CMakeFiles/cmTryCompileExec2887665336.dir/build.make CMakeFiles/cmTryCompileExec2887665336.dir/build
make[1]: Entering directory '/home/pi/work/src/classes/tests/Accelerometer/build/CMakeFiles/CMakeTmp'
/usr/bin/cmake -E cmake_progress_report /home/pi/work/src/classes/tests/Accelerometer/build/CMakeFiles/CMakeTmp/CMakeFiles 1
Building C object CMakeFiles/cmTryCompileExec2887665336.dir/CheckSymbolExists.c.o
/usr/bin/cc    -o CMakeFiles/cmTryCompileExec2887665336.dir/CheckSymbolExists.c.o   -c /home/pi/work/src/classes/tests/Accelerometer/build/CMakeFiles/CMakeTmp/CheckSymbolExists.c
Linking C executable cmTryCompileExec2887665336
/usr/bin/cmake -E cmake_link_script CMakeFiles/cmTryCompileExec2887665336.dir/link.txt --verbose=1
/usr/bin/cc       CMakeFiles/cmTryCompileExec2887665336.dir/CheckSymbolExists.c.o  -o cmTryCompileExec2887665336 -rdynamic 
CMakeFiles/cmTryCompileExec2887665336.dir/CheckSymbolExists.c.o: In function `main':
CheckSymbolExists.c:(.text+0x38): undefined reference to `pthread_create'
collect2: error: ld returned 1 exit status
CMakeFiles/cmTryCompileExec2887665336.dir/build.make:88: recipe for target 'cmTryCompileExec2887665336' failed
make[1]: *** [cmTryCompileExec2887665336] Error 1
make[1]: Leaving directory '/home/pi/work/src/classes/tests/Accelerometer/build/CMakeFiles/CMakeTmp'
Makefile:118: recipe for target 'cmTryCompileExec2887665336/fast' failed
make: *** [cmTryCompileExec2887665336/fast] Error 2

File /home/pi/work/src/classes/tests/Accelerometer/build/CMakeFiles/CMakeTmp/CheckSymbolExists.c:
/* */
#include <pthread.h>

int main(int argc, char** argv)
{
  (void)argv;
#ifndef pthread_create
  return ((int*)(&pthread_create))[argc];
#else
  (void)argc;
  return 0;
#endif
}

Determining if the function pthread_create exists in the pthreads failed with the following output:
Change Dir: /home/pi/work/src/classes/tests/Accelerometer/build/CMakeFiles/CMakeTmp

Run Build Command:"/usr/bin/make" "cmTryCompileExec724282786/fast"
/usr/bin/make -f CMakeFiles/cmTryCompileExec724282786.dir/build.make CMakeFiles/cmTryCompileExec724282786.dir/build
make[1]: Entering directory '/home/pi/work/src/classes/tests/Accelerometer/build/CMakeFiles/CMakeTmp'
/usr/bin/cmake -E cmake_progress_report /home/pi/work/src/classes/tests/Accelerometer/build/CMakeFiles/CMakeTmp/CMakeFiles 1
Building C object CMakeFiles/cmTryCompileExec724282786.dir/CheckFunctionExists.c.o
/usr/bin/cc   -DCHECK_FUNCTION_EXISTS=pthread_create   -o CMakeFiles/cmTryCompileExec724282786.dir/CheckFunctionExists.c.o   -c /usr/share/cmake-3.0/Modules/CheckFunctionExists.c
Linking C executable cmTryCompileExec724282786
/usr/bin/cmake -E cmake_link_script CMakeFiles/cmTryCompileExec724282786.dir/link.txt --verbose=1
/usr/bin/cc   -DCHECK_FUNCTION_EXISTS=pthread_create    CMakeFiles/cmTryCompileExec724282786.dir/CheckFunctionExists.c.o  -o cmTryCompileExec724282786 -rdynamic -lpthreads 
/usr/bin/ld: cannot find -lpthreads
collect2: error: ld returned 1 exit status
CMakeFiles/cmTryCompileExec724282786.dir/build.make:88: recipe for target 'cmTryCompileExec724282786' failed
make[1]: *** [cmTryCompileExec724282786] Error 1
make[1]: Leaving directory '/home/pi/work/src/classes/tests/Accelerometer/build/CMakeFiles/CMakeTmp'
Makefile:118: recipe for target 'cmTryCompileExec724282786/fast' failed
make: *** [cmTryCompileExec724282786/fast] Error 2


